<?xml version="1.0" ?>
<!DOCTYPE coverage SYSTEM "http://cobertura.sourceforge.net/xml/coverage-04.dtd">
<coverage lines-valid="7" lines-covered="4" line-rate="0.57" branches-valid="2" branches-covered="1" branch-rate="0.5" timestamp="1500242087605" complexity="0" version="0.1">
  <sources>
    <source>C:\Users\Jenkins\Documents\BuildServer\workspace\1000_CoverageTest</source>
  </sources>
  <packages>
    <package name="src.TcWorkspace.TcWorkspace.Arburg.POUs" line-rate="0.4" branch-rate="0.5">
      <classes>
        <class name="fun_byte_to_proctype" filename="src/TcWorkspace/TcWorkspace/Arburg/POUs/fun_byte_to_proctype.TcPou" line-rate="0.5" branch-rate="0.5">
          <methods>
          </methods>
          <lines>
            <line number="16" hits="1" branch="true" condition-coverage="50% (1/2)"/>
            <line number="20" hits="1" branch="false"/>
			<line number="24" hits="1" branch="false"/>
			<line number="28" hits="1" branch="false"/>
			<line number="32" hits="1" branch="false"/>
			<line number="36" hits="1" branch="false"/>
			<line number="40" hits="1" branch="false"/>
			<line number="44" hits="1" branch="false"/>
			<line number="48" hits="0" branch="false"/>
          </lines>
        </class>
        <class name="FB_MapRS511" filename="src/TcWorkspace/TcWorkspace/Arburg/POUs/FB_MapRS511.TcPou" line-rate="0.5" branch-rate="0.5">
          <methods>
          </methods>
          <lines>
            <line number="65" hits="1" branch="true" condition-coverage="50% (1/2)"/>
            <line number="82" hits="1" branch="false"/>
			<line number="97" hits="1" branch="false"/>
			<line number="113" hits="1" branch="false"/>
			<line number="118" hits="1" branch="false"/>
			<line number="141" hits="1" branch="false"/>
			<line number="151" hits="0" branch="false"/>
			<line number="155" hits="0" branch="false"/>
          </lines>
        </class>
        <class name="PRG_SerialControl" filename="src/TcWorkspace/TcWorkspace/Arburg/POUs/PRG_SerialControl.TcPou" line-rate="0.5" branch-rate="0.5">
          <methods>
            <method name="initHardware" hits="1" signature="()V" >
              <lines>
                <line number="100" hits="2" branch="false"/>
				<line number="116" hits="1" branch="false"/>
				<line number="120" hits="0" branch="false"/>
              </lines>
            </method>
          </methods>		  
          <lines>
            <line number="35" hits="1" branch="true" condition-coverage="50% (1/2)"/>
            <line number="44" hits="1" branch="false"/>
            <line number="52" hits="1" branch="false"/>	
			<line number="65" hits="0" branch="false"/>				
          </lines>
        </class>		
        <class name="PRG_Main" filename="src/TcWorkspace/TcWorkspace/Arburg/POUs/PRG_Main.TcPou" line-rate="0.6" branch-rate="0.5">
          <lines>
			<line number="36" hits="1" branch="false"/>
			<line number="49" hits="1" branch="true" condition-coverage="50% (1/2)"/>
          </lines>
        </class>
      </classes>
    </package>
  </packages>
</coverage>